TN:
SF:src/mock/user/user_client.js
FN:2,login
FNF:1
FNH:0
FNDA:0,login
DA:1,1
DA:2,1
DA:3,0
DA:4,0
DA:5,1
DA:6,1
LF:6
LH:4
BRF:0
BRH:0
end_of_record
TN:
SF:src/mock/user/user_service.js
FN:2,UserService
FN:7,login
FNF:2
FNH:2
FNDA:4,UserService
FNDA:6,login
DA:1,1
DA:2,1
DA:3,4
DA:4,4
DA:5,4
DA:6,1
DA:7,1
DA:8,6
DA:9,4
DA:10,4
DA:11,4
DA:12,4
DA:13,4
DA:14,6
DA:15,1
DA:16,1
LF:16
LH:16
BRDA:2,0,0,4
BRDA:7,1,0,6
BRDA:8,2,0,4
BRDA:10,3,0,4
BRF:4
BRH:4
end_of_record
TN:
SF:src/mock/user/test/stub_user_client.js
FN:2,login
FNF:1
FNH:1
FNDA:2,login
DA:1,1
DA:2,1
DA:3,2
DA:4,2
DA:5,1
DA:6,1
LF:6
LH:6
BRDA:2,0,0,2
BRF:1
BRH:1
end_of_record
